0 info it worked if it ends with ok
1 verbose cli [ '/usr/bin/node', '/usr/bin/npm', 'run', 'webpack' ]
2 info using npm@2.15.1
3 info using node@v0.12.16
4 verbose node symlink /usr/bin/node
5 verbose stack Error: missing script: webpack
5 verbose stack     at run (/usr/lib/node_modules/npm/lib/run-script.js:142:19)
5 verbose stack     at /usr/lib/node_modules/npm/lib/run-script.js:58:5
5 verbose stack     at /usr/lib/node_modules/npm/node_modules/read-package-json/read-json.js:345:5
5 verbose stack     at checkBinReferences_ (/usr/lib/node_modules/npm/node_modules/read-package-json/read-json.js:309:45)
5 verbose stack     at final (/usr/lib/node_modules/npm/node_modules/read-package-json/read-json.js:343:3)
5 verbose stack     at then (/usr/lib/node_modules/npm/node_modules/read-package-json/read-json.js:113:5)
5 verbose stack     at /usr/lib/node_modules/npm/node_modules/read-package-json/read-json.js:300:12
5 verbose stack     at /usr/lib/node_modules/npm/node_modules/graceful-fs/graceful-fs.js:78:16
5 verbose stack     at fs.js:334:14
5 verbose stack     at /usr/lib/node_modules/npm/node_modules/graceful-fs/graceful-fs.js:43:10
6 verbose cwd /vagrant/etsy
7 error Linux 3.2.0-23-generic-pae
8 error argv "/usr/bin/node" "/usr/bin/npm" "run" "webpack"
9 error node v0.12.16
10 error npm  v2.15.1
11 error missing script: webpack
12 error If you need help, you may report this error at:
12 error     <https://github.com/npm/npm/issues>
13 verbose exit [ 1, true ]
